26-Nov-24 23:18:00 INFO: Adding job tentatively -- it will be properly scheduled when the scheduler starts
26-Nov-24 23:18:00 INFO: Added job "interval_message" to job store "default"
26-Nov-24 23:18:00 INFO: Scheduler started
26-Nov-24 23:18:00 INFO: Start polling
26-Nov-24 23:18:00 INFO: Run polling for bot @new_korifei_bot id=6897314008 - '🎭"Нові корифеї"🎭 | Чат-бот'
26-Nov-24 23:18:04 INFO: Update id=100279608 is handled. Duration 140 ms by bot id=6897314008
26-Nov-24 23:18:12 INFO: Update id=100279609 is handled. Duration 3516 ms by bot id=6897314008
26-Nov-24 23:18:36 INFO: Polling stopped
26-Nov-24 23:18:36 INFO: Polling stopped for bot @new_korifei_bot id=6897314008 - '🎭"Нові корифеї"🎭 | Чат-бот'
26-Nov-24 23:25:59 INFO: Adding job tentatively -- it will be properly scheduled when the scheduler starts
26-Nov-24 23:25:59 INFO: Added job "interval_message" to job store "default"
26-Nov-24 23:25:59 INFO: Scheduler started
26-Nov-24 23:26:00 INFO: Start polling
26-Nov-24 23:26:00 INFO: Run polling for bot @new_korifei_bot id=6897314008 - '🎭"Нові корифеї"🎭 | Чат-бот'
26-Nov-24 23:26:06 INFO: Update id=100279610 is handled. Duration 109 ms by bot id=6897314008
26-Nov-24 23:26:12 INFO: Update id=100279611 is handled. Duration 280 ms by bot id=6897314008
26-Nov-24 23:26:16 INFO: Update id=100279612 is handled. Duration 78 ms by bot id=6897314008
26-Nov-24 23:26:17 INFO: Update id=100279613 is handled. Duration 77 ms by bot id=6897314008
26-Nov-24 23:26:23 INFO: Update id=100279614 is handled. Duration 109 ms by bot id=6897314008
26-Nov-24 23:26:24 INFO: Update id=100279615 is handled. Duration 250 ms by bot id=6897314008
26-Nov-24 23:26:34 INFO: Update id=100279616 is handled. Duration 63 ms by bot id=6897314008
26-Nov-24 23:26:35 INFO: Update id=100279617 is handled. Duration 78 ms by bot id=6897314008
26-Nov-24 23:26:37 INFO: Update id=100279618 is handled. Duration 219 ms by bot id=6897314008
26-Nov-24 23:26:38 INFO: Update id=100279619 is handled. Duration 94 ms by bot id=6897314008
26-Nov-24 23:26:39 INFO: Update id=100279620 is handled. Duration 61 ms by bot id=6897314008
26-Nov-24 23:26:40 INFO: Update id=100279621 is handled. Duration 234 ms by bot id=6897314008
26-Nov-24 23:26:52 INFO: Polling stopped
26-Nov-24 23:26:52 INFO: Polling stopped for bot @new_korifei_bot id=6897314008 - '🎭"Нові корифеї"🎭 | Чат-бот'
